2025-04-07 03:05:26 - src.config.settings - INFO - Создание директории: E:\PyProjectsNew\SoC_bot\config
2025-04-07 03:05:26 - src.config.settings - INFO - Файл настроек не найден, используются настройки по умолчанию
2025-04-07 03:05:26 - root - INFO - Установлен уровень логирования: INFO
2025-04-07 03:05:26 - src.core.emulator_manager - INFO - Инициализация менеджера эмуляторов. Путь к LDPlayer: None
2025-04-07 03:05:26 - src.core.emulator_manager - ERROR - Путь к ldconsole.exe не установлен
2025-04-07 03:05:26 - src.core.emulator_manager - INFO - Найдено 0 эмуляторов
2025-04-07 03:05:31 - src.core.emulator_manager - ERROR - Путь к ldconsole.exe не установлен
2025-04-07 03:05:31 - src.core.emulator_manager - INFO - Найдено 0 эмуляторов
2025-04-07 03:05:36 - src.core.emulator_manager - ERROR - Путь к ldconsole.exe не установлен
2025-04-07 03:05:36 - src.core.emulator_manager - INFO - Найдено 0 эмуляторов
2025-04-07 03:05:41 - src.core.emulator_manager - ERROR - Путь к ldconsole.exe не установлен
2025-04-07 03:05:41 - src.core.emulator_manager - INFO - Найдено 0 эмуляторов
2025-04-07 03:05:46 - src.core.emulator_manager - ERROR - Путь к ldconsole.exe не установлен
2025-04-07 03:05:46 - src.core.emulator_manager - INFO - Найдено 0 эмуляторов
2025-04-07 03:05:49 - src.core.emulator_manager - ERROR - Путь не существует: C:/Program Files/LDPlayer/LDPlayer9
2025-04-07 03:05:51 - src.core.emulator_manager - ERROR - Путь к ldconsole.exe не установлен
2025-04-07 03:05:51 - src.core.emulator_manager - INFO - Найдено 0 эмуляторов
2025-04-07 03:05:56 - src.core.emulator_manager - ERROR - Путь к ldconsole.exe не установлен
2025-04-07 03:05:56 - src.core.emulator_manager - INFO - Найдено 0 эмуляторов
2025-04-07 03:06:01 - src.core.emulator_manager - ERROR - Путь к ldconsole.exe не установлен
2025-04-07 03:06:01 - src.core.emulator_manager - INFO - Найдено 0 эмуляторов
2025-04-07 03:06:06 - src.core.emulator_manager - ERROR - Путь к ldconsole.exe не установлен
2025-04-07 03:06:06 - src.core.emulator_manager - INFO - Найдено 0 эмуляторов
2025-04-07 03:06:11 - src.core.emulator_manager - ERROR - Путь к ldconsole.exe не установлен
2025-04-07 03:06:11 - src.core.emulator_manager - INFO - Найдено 0 эмуляторов
2025-04-07 03:06:14 - src.core.emulator_manager - INFO - Установлен путь к LDPlayer: D:\ldp\LDPlayer9
2025-04-07 03:06:14 - src.core.emulator_manager - INFO - Найдено 8 эмуляторов
2025-04-07 03:06:16 - src.core.emulator_manager - INFO - Найдено 8 эмуляторов
2025-04-07 03:06:21 - src.core.emulator_manager - INFO - Найдено 8 эмуляторов
2025-04-07 03:06:26 - src.core.emulator_manager - INFO - Найдено 8 эмуляторов
2025-04-07 03:06:31 - src.core.emulator_manager - INFO - Найдено 8 эмуляторов
2025-04-07 03:06:36 - src.core.emulator_manager - INFO - Найдено 8 эмуляторов
2025-04-07 03:06:41 - src.core.emulator_manager - INFO - Найдено 8 эмуляторов
2025-04-07 03:06:46 - src.core.emulator_manager - INFO - Найдено 8 эмуляторов
2025-04-07 03:06:51 - src.core.emulator_manager - INFO - Найдено 8 эмуляторов
2025-04-07 03:06:51 - src.core.emulator_manager - INFO - Найдено 8 эмуляторов
2025-04-07 03:10:15 - src.config.settings - INFO - Файл настроек не найден, используются настройки по умолчанию
2025-04-07 03:10:15 - root - INFO - Установлен уровень логирования: INFO
2025-04-07 03:10:15 - src.core.emulator_manager - INFO - Инициализация менеджера эмуляторов. Путь к LDPlayer: None
2025-04-07 03:10:15 - src.core.emulator_manager - ERROR - Путь к ldconsole.exe не установлен
2025-04-07 03:10:15 - src.core.emulator_manager - INFO - Найдено 0 эмуляторов
2025-04-07 03:10:20 - src.core.emulator_manager - ERROR - Путь к ldconsole.exe не установлен
2025-04-07 03:10:20 - src.core.emulator_manager - INFO - Найдено 0 эмуляторов
2025-04-07 03:10:25 - src.core.emulator_manager - ERROR - Путь к ldconsole.exe не установлен
2025-04-07 03:10:25 - src.core.emulator_manager - INFO - Найдено 0 эмуляторов
2025-04-07 03:10:30 - src.core.emulator_manager - ERROR - Путь к ldconsole.exe не установлен
2025-04-07 03:10:30 - src.core.emulator_manager - INFO - Найдено 0 эмуляторов
2025-04-07 03:10:35 - src.core.emulator_manager - ERROR - Путь к ldconsole.exe не установлен
2025-04-07 03:10:35 - src.core.emulator_manager - INFO - Найдено 0 эмуляторов
2025-04-07 03:10:40 - src.core.emulator_manager - ERROR - Путь к ldconsole.exe не установлен
2025-04-07 03:10:40 - src.core.emulator_manager - INFO - Найдено 0 эмуляторов
2025-04-07 03:10:45 - src.core.emulator_manager - ERROR - Путь к ldconsole.exe не установлен
2025-04-07 03:10:45 - src.core.emulator_manager - INFO - Найдено 0 эмуляторов
2025-04-07 03:14:09 - src.config.settings - INFO - Файл настроек не найден, используются настройки по умолчанию
2025-04-07 03:14:09 - root - INFO - Установлен уровень логирования: INFO
2025-04-07 03:14:09 - src.core.emulator_manager - INFO - Инициализация менеджера эмуляторов. Путь к LDPlayer: None
2025-04-07 03:14:09 - src.core.emulator_manager - ERROR - Путь к ldconsole.exe не установлен
2025-04-07 03:14:09 - src.core.emulator_manager - INFO - Найдено 0 эмуляторов
2025-04-07 03:14:14 - src.core.emulator_manager - ERROR - Путь к ldconsole.exe не установлен
2025-04-07 03:14:14 - src.core.emulator_manager - INFO - Найдено 0 эмуляторов
2025-04-07 03:14:19 - src.core.emulator_manager - ERROR - Путь к ldconsole.exe не установлен
2025-04-07 03:14:19 - src.core.emulator_manager - INFO - Найдено 0 эмуляторов
2025-04-07 03:14:24 - src.core.emulator_manager - ERROR - Путь к ldconsole.exe не установлен
2025-04-07 03:14:24 - src.core.emulator_manager - INFO - Найдено 0 эмуляторов
2025-04-07 03:14:29 - src.core.emulator_manager - ERROR - Путь к ldconsole.exe не установлен
2025-04-07 03:14:29 - src.core.emulator_manager - INFO - Найдено 0 эмуляторов
2025-04-07 03:32:49 - src.config.settings - INFO - Файл настроек не найден, используются настройки по умолчанию
2025-04-07 03:32:49 - root - INFO - Установлен уровень логирования: INFO
2025-04-07 03:32:49 - src.core.emulator_manager - INFO - Инициализация менеджера эмуляторов. Путь к LDPlayer: None
2025-04-07 03:32:49 - src.core.emulator_manager - INFO - Инициализация менеджера эмуляторов. Путь к LDPlayer: None
2025-04-07 03:32:49 - src.core.image_processor - INFO - Инициализация обработчика изображений, загружено 0 шаблонов
2025-04-07 03:32:49 - src.core.parallel_executor - INFO - Инициализирован глобальный обработчик изображений
2025-04-07 03:32:49 - src.core.parallel_executor - INFO - Инициализация параллельного исполнителя с максимальным количеством потоков: None
2025-04-07 03:32:49 - src.core.emulator_manager - ERROR - Путь к ldconsole.exe не установлен
2025-04-07 03:32:49 - src.core.emulator_manager - INFO - Найдено 0 эмуляторов
2025-04-07 03:32:54 - src.core.emulator_manager - ERROR - Путь к ldconsole.exe не установлен
2025-04-07 03:32:54 - src.core.emulator_manager - INFO - Найдено 0 эмуляторов
2025-04-07 03:32:55 - main - ERROR - Непредвиденная ошибка:
Traceback (most recent call last):
  File "E:\PyProjectsNew\SoC_bot\src\ui\main_window.py", line 772, in closeEvent
    for worker in self.bot_workers.values():
                  ^^^^^^^^^^^^^^^^
AttributeError: 'MainWindow' object has no attribute 'bot_workers'
2025-04-07 03:32:59 - src.core.emulator_manager - ERROR - Путь к ldconsole.exe не установлен
2025-04-07 03:32:59 - src.core.emulator_manager - INFO - Найдено 0 эмуляторов
2025-04-07 03:45:19 - src.config.settings - INFO - Файл настроек не найден, используются настройки по умолчанию
2025-04-07 03:45:19 - root - INFO - Установлен уровень логирования: INFO
2025-04-07 03:45:19 - src.core.emulator_manager - INFO - Инициализация менеджера эмуляторов. Путь к LDPlayer: None
2025-04-07 03:45:19 - src.core.emulator_manager - INFO - Инициализация менеджера эмуляторов. Путь к LDPlayer: None
2025-04-07 03:45:19 - src.core.image_processor - INFO - Инициализация обработчика изображений, загружено 0 шаблонов
2025-04-07 03:45:19 - src.core.parallel_executor - INFO - Инициализирован глобальный обработчик изображений
2025-04-07 03:45:19 - src.core.parallel_executor - INFO - Инициализация параллельного исполнителя с максимальным количеством потоков: None
2025-04-07 03:45:19 - src.core.emulator_manager - ERROR - Путь к ldconsole.exe не установлен
2025-04-07 03:45:19 - src.core.emulator_manager - INFO - Найдено 0 эмуляторов
2025-04-07 03:45:24 - src.core.emulator_manager - ERROR - Путь к ldconsole.exe не установлен
2025-04-07 03:45:24 - src.core.emulator_manager - INFO - Найдено 0 эмуляторов
2025-04-07 03:45:25 - main - ERROR - Непредвиденная ошибка:
Traceback (most recent call last):
  File "E:\PyProjectsNew\SoC_bot\src\ui\main_window.py", line 1066, in closeEvent
    for worker in self.bot_workers.values():
                  ^^^^^^^^^^^^^^^^
AttributeError: 'MainWindow' object has no attribute 'bot_workers'
2025-04-07 03:48:54 - src.config.settings - INFO - Файл настроек не найден, используются настройки по умолчанию
2025-04-07 03:48:54 - root - INFO - Установлен уровень логирования: INFO
2025-04-07 03:48:54 - src.core.emulator_manager - INFO - Инициализация менеджера эмуляторов. Путь к LDPlayer: None
2025-04-07 03:48:54 - src.core.emulator_manager - INFO - Инициализация менеджера эмуляторов. Путь к LDPlayer: None
2025-04-07 03:48:54 - src.core.image_processor - INFO - Инициализация обработчика изображений, загружено 0 шаблонов
2025-04-07 03:48:54 - src.core.parallel_executor - INFO - Инициализирован глобальный обработчик изображений
2025-04-07 03:48:54 - src.core.parallel_executor - INFO - Инициализация параллельного исполнителя с максимальным количеством потоков: None
2025-04-07 03:48:54 - src.core.emulator_manager - ERROR - Путь к ldconsole.exe не установлен
2025-04-07 03:48:54 - src.core.emulator_manager - INFO - Найдено 0 эмуляторов
2025-04-07 03:48:54 - src.core.emulator_manager - ERROR - Путь к ldconsole.exe не установлен
2025-04-07 03:48:54 - src.core.emulator_manager - INFO - Найдено 0 эмуляторов
2025-04-07 03:48:59 - src.core.emulator_manager - ERROR - Путь к ldconsole.exe не установлен
2025-04-07 03:48:59 - src.core.emulator_manager - INFO - Найдено 0 эмуляторов
2025-04-07 03:48:59 - main - ERROR - Непредвиденная ошибка:
Traceback (most recent call last):
  File "E:\PyProjectsNew\SoC_bot\src\ui\main_window.py", line 1234, in closeEvent
    for worker in self.bot_workers.values():
                  ^^^^^^^^^^^^^^^^
AttributeError: 'MainWindow' object has no attribute 'bot_workers'
2025-04-07 03:51:50 - src.config.settings - INFO - Файл настроек не найден, используются настройки по умолчанию
2025-04-07 03:51:50 - root - INFO - Установлен уровень логирования: INFO
2025-04-07 03:51:50 - src.core.emulator_manager - INFO - Инициализация менеджера эмуляторов. Путь к LDPlayer: None
2025-04-07 03:51:50 - src.core.emulator_manager - INFO - Инициализация менеджера эмуляторов. Путь к LDPlayer: None
2025-04-07 03:51:50 - src.core.image_processor - INFO - Инициализация обработчика изображений, загружено 0 шаблонов
2025-04-07 03:51:50 - src.core.parallel_executor - INFO - Инициализирован глобальный обработчик изображений
2025-04-07 03:51:50 - src.core.parallel_executor - INFO - Инициализация параллельного исполнителя с максимальным количеством потоков: None
2025-04-07 03:51:50 - src.core.emulator_manager - ERROR - Путь к ldconsole.exe не установлен
2025-04-07 03:51:50 - src.core.emulator_manager - INFO - Найдено 0 эмуляторов
2025-04-07 03:51:50 - src.core.emulator_manager - ERROR - Путь к ldconsole.exe не установлен
2025-04-07 03:51:50 - src.core.emulator_manager - INFO - Найдено 0 эмуляторов
2025-04-07 03:51:55 - src.core.emulator_manager - ERROR - Путь к ldconsole.exe не установлен
2025-04-07 03:51:55 - src.core.emulator_manager - INFO - Найдено 0 эмуляторов
2025-04-07 03:52:00 - src.core.emulator_manager - ERROR - Путь к ldconsole.exe не установлен
2025-04-07 03:52:00 - src.core.emulator_manager - INFO - Найдено 0 эмуляторов
2025-04-07 03:52:02 - main - ERROR - Непредвиденная ошибка:
Traceback (most recent call last):
  File "E:\PyProjectsNew\SoC_bot\src\ui\main_window.py", line 1234, in closeEvent
    for worker in self.bot_workers.values():
                  ^^^^^^^^^^^^^^^^
AttributeError: 'MainWindow' object has no attribute 'bot_workers'
2025-04-07 04:21:20 - src.config.settings - INFO - Файл настроек не найден, используются настройки по умолчанию
2025-04-07 04:21:20 - root - INFO - Установлен уровень логирования: INFO
2025-04-07 04:21:20 - src.core.emulator_manager - INFO - Инициализация менеджера эмуляторов. Путь к LDPlayer: None
2025-04-07 04:21:20 - src.core.emulator_manager - INFO - Инициализация менеджера эмуляторов. Путь к LDPlayer: None
2025-04-07 04:21:20 - src.core.image_processor - INFO - Инициализация обработчика изображений, загружено 0 шаблонов
2025-04-07 04:21:20 - src.core.parallel_executor - INFO - Инициализирован глобальный обработчик изображений
2025-04-07 04:21:20 - src.core.parallel_executor - INFO - Инициализация параллельного исполнителя с максимальным количеством потоков: None
2025-04-07 04:21:20 - src.core.emulator_manager - ERROR - Путь к ldconsole.exe не установлен
2025-04-07 04:21:20 - src.core.emulator_manager - INFO - Найдено 0 эмуляторов
2025-04-07 04:21:20 - src.core.emulator_manager - ERROR - Путь к ldconsole.exe не установлен
2025-04-07 04:21:20 - src.core.emulator_manager - INFO - Найдено 0 эмуляторов
2025-04-07 04:21:21 - src.core.parallel_executor - WARNING - Исполнитель не запущен
2025-04-07 04:21:23 - src.config.settings - INFO - Файл настроек не найден, используются настройки по умолчанию
2025-04-07 04:21:23 - root - INFO - Установлен уровень логирования: INFO
2025-04-07 04:21:23 - src.core.emulator_manager - INFO - Инициализация менеджера эмуляторов. Путь к LDPlayer: None
2025-04-07 04:21:23 - src.core.emulator_manager - INFO - Инициализация менеджера эмуляторов. Путь к LDPlayer: None
2025-04-07 04:21:23 - src.core.image_processor - INFO - Инициализация обработчика изображений, загружено 0 шаблонов
2025-04-07 04:21:23 - src.core.parallel_executor - INFO - Инициализирован глобальный обработчик изображений
2025-04-07 04:21:23 - src.core.parallel_executor - INFO - Инициализация параллельного исполнителя с максимальным количеством потоков: None
2025-04-07 04:21:23 - src.core.emulator_manager - ERROR - Путь к ldconsole.exe не установлен
2025-04-07 04:21:23 - src.core.emulator_manager - INFO - Найдено 0 эмуляторов
2025-04-07 04:21:23 - src.core.emulator_manager - ERROR - Путь к ldconsole.exe не установлен
2025-04-07 04:21:23 - src.core.emulator_manager - INFO - Найдено 0 эмуляторов
2025-04-07 04:21:28 - src.core.emulator_manager - ERROR - Путь к ldconsole.exe не установлен
2025-04-07 04:21:28 - src.core.emulator_manager - INFO - Найдено 0 эмуляторов
2025-04-07 04:21:33 - src.core.emulator_manager - ERROR - Путь к ldconsole.exe не установлен
2025-04-07 04:21:33 - src.core.emulator_manager - INFO - Найдено 0 эмуляторов
2025-04-07 04:21:38 - src.core.emulator_manager - ERROR - Путь к ldconsole.exe не установлен
2025-04-07 04:21:38 - src.core.emulator_manager - INFO - Найдено 0 эмуляторов
2025-04-07 04:21:38 - src.core.emulator_manager - INFO - Установлен путь к LDPlayer: D:\ldp\LDPlayer9
2025-04-07 04:21:38 - src.core.emulator_manager - INFO - Найдено 8 эмуляторов
2025-04-07 04:21:43 - src.core.emulator_manager - INFO - Найдено 8 эмуляторов
2025-04-07 04:21:48 - src.core.emulator_manager - INFO - Найдено 8 эмуляторов
2025-04-07 04:21:53 - src.core.emulator_manager - INFO - Найдено 8 эмуляторов
2025-04-07 04:21:58 - src.core.emulator_manager - INFO - Найдено 8 эмуляторов
2025-04-07 04:22:03 - src.core.emulator_manager - INFO - Найдено 8 эмуляторов
2025-04-07 04:22:04 - src.core.emulator_manager - INFO - Найдено 8 эмуляторов
2025-04-07 04:22:08 - src.core.emulator_manager - INFO - Найдено 8 эмуляторов
2025-04-07 04:22:13 - src.core.emulator_manager - INFO - Найдено 8 эмуляторов
2025-04-07 04:22:18 - src.core.emulator_manager - INFO - Найдено 8 эмуляторов
2025-04-07 04:22:18 - src.core.emulator_manager - INFO - Найдено 8 эмуляторов
2025-04-07 04:22:23 - src.core.emulator_manager - INFO - Найдено 8 эмуляторов
2025-04-07 04:22:28 - src.core.emulator_manager - INFO - Найдено 8 эмуляторов
2025-04-07 04:22:33 - src.core.emulator_manager - INFO - Найдено 8 эмуляторов
2025-04-07 04:22:37 - src.core.emulator_manager - INFO - Найдено 8 эмуляторов
2025-04-07 04:22:37 - src.core.emulator_manager - INFO - Найдено 8 эмуляторов
2025-04-07 04:22:38 - src.core.emulator_manager - INFO - Найдено 8 эмуляторов
2025-04-07 04:22:43 - src.core.emulator_manager - INFO - Найдено 8 эмуляторов
2025-04-07 04:22:48 - src.core.emulator_manager - INFO - Найдено 8 эмуляторов
2025-04-07 04:22:53 - src.core.emulator_manager - INFO - Найдено 8 эмуляторов
2025-04-07 04:22:54 - src.core.emulator_manager - INFO - Найдено 8 эмуляторов
2025-04-07 04:22:54 - src.core.emulator_manager - INFO - Найдено 8 эмуляторов
2025-04-07 04:22:58 - src.core.emulator_manager - INFO - Найдено 8 эмуляторов
2025-04-07 04:23:03 - src.core.emulator_manager - INFO - Найдено 8 эмуляторов
2025-04-07 04:23:08 - src.core.emulator_manager - INFO - Найдено 8 эмуляторов
